android/app/build/intermediates/manifest_merge_blame_file/debug/manifest-merger-blame-debug-report.txt
1<?xml version="1.0" encoding="utf-8"?>
2<manifest xmlns:android="http://schemas.android.com/apk/res/android"
3    package="com.gabruw.reactnativeboilerplate"
4    android:versionCode="1"
5    android:versionName="1.0.0" >
6
7    <uses-sdk
8        android:minSdkVersion="21"
9        android:targetSdkVersion="31" />
10
11    <uses-permission android:name="android.permission.SYSTEM_ALERT_WINDOW" />
11-->src\main\AndroidManifest.xml:6:3-75
11-->src\main\AndroidManifest.xml:6:20-73
12    <uses-permission android:name="android.permission.CAMERA" />
12-->src\main\AndroidManifest.xml:2:3-62
12-->src\main\AndroidManifest.xml:2:20-60
13    <uses-permission android:name="android.permission.INTERNET" />
13-->src\main\AndroidManifest.xml:3:3-64
13-->src\main\AndroidManifest.xml:3:20-62
14    <uses-permission android:name="android.permission.READ_EXTERNAL_STORAGE" />
14-->src\main\AndroidManifest.xml:4:3-77
14-->src\main\AndroidManifest.xml:4:20-75
15    <uses-permission android:name="android.permission.RECORD_AUDIO" />
15-->src\main\AndroidManifest.xml:5:3-68
15-->src\main\AndroidManifest.xml:5:20-66
16    <uses-permission android:name="android.permission.VIBRATE" />
16-->src\main\AndroidManifest.xml:7:3-63
16-->src\main\AndroidManifest.xml:7:20-61
17    <uses-permission android:name="android.permission.WRITE_EXTERNAL_STORAGE" />
17-->src\main\AndroidManifest.xml:8:3-78
17-->src\main\AndroidManifest.xml:8:20-76
18
19    <queries>
19-->src\main\AndroidManifest.xml:9:3-15:13
20        <intent>
20-->src\main\AndroidManifest.xml:10:5-14:14
21            <action android:name="android.intent.action.VIEW" />
21-->src\main\AndroidManifest.xml:11:7-58
21-->src\main\AndroidManifest.xml:11:15-56
22
23            <category android:name="android.intent.category.BROWSABLE" />
23-->src\main\AndroidManifest.xml:12:7-67
23-->src\main\AndroidManifest.xml:12:17-65
24
25            <data android:scheme="https" />
25-->src\main\AndroidManifest.xml:13:7-37
25-->src\main\AndroidManifest.xml:13:13-35
26        </intent>
27
28        <package android:name="host.exp.exponent" /> <!-- Query open documents -->
28-->[:expo-dev-launcher] AndroidManifest.xml:10:9-53
28-->[:expo-dev-launcher] AndroidManifest.xml:10:18-50
29        <intent>
29-->[:expo-file-system] AndroidManifest.xml:17:9-19:18
30            <action android:name="android.intent.action.OPEN_DOCUMENT_TREE" />
30-->[:expo-file-system] AndroidManifest.xml:18:13-79
30-->[:expo-file-system] AndroidManifest.xml:18:21-76
31        </intent>
32    </queries>
33
34    <uses-permission android:name="android.permission.ACCESS_WIFI_STATE" />
34-->[com.facebook.flipper:flipper:0.125.0] AndroidManifest.xml:16:5-76
34-->[com.facebook.flipper:flipper:0.125.0] AndroidManifest.xml:16:22-73
35    <uses-permission android:name="android.permission.ACCESS_NETWORK_STATE" />
35-->[:react-native-community_netinfo] AndroidManifest.xml:9:5-79
35-->[:react-native-community_netinfo] AndroidManifest.xml:9:22-76
36
37    <uses-feature
37-->[com.google.android:cameraview:1.0.0] AndroidManifest.xml:25:5-27:36
38        android:name="android.hardware.camera"
38-->[com.google.android:cameraview:1.0.0] AndroidManifest.xml:26:9-47
39        android:required="false" />
39-->[com.google.android:cameraview:1.0.0] AndroidManifest.xml:27:9-33
40    <uses-feature
40-->[com.google.android:cameraview:1.0.0] AndroidManifest.xml:28:5-30:36
41        android:name="android.hardware.camera.autofocus"
41-->[com.google.android:cameraview:1.0.0] AndroidManifest.xml:29:9-57
42        android:required="false" />
42-->[com.google.android:cameraview:1.0.0] AndroidManifest.xml:30:9-33
43
44    <uses-permission android:name="com.google.android.finsky.permission.BIND_GET_INSTALL_REFERRER_SERVICE" />
44-->[com.android.installreferrer:installreferrer:1.0] AndroidManifest.xml:9:5-110
44-->[com.android.installreferrer:installreferrer:1.0] AndroidManifest.xml:9:22-107
45
46    <application
46-->src\main\AndroidManifest.xml:16:3-36:17
47        android:name="com.gabruw.reactnativeboilerplate.MainApplication"
47-->src\main\AndroidManifest.xml:16:16-47
48        android:allowBackup="true"
48-->src\main\AndroidManifest.xml:16:162-188
49        android:appComponentFactory="androidx.core.app.CoreComponentFactory"
49-->[androidx.core:core:1.7.0] AndroidManifest.xml:24:18-86
50        android:debuggable="true"
51        android:icon="@mipmap/ic_launcher"
51-->src\main\AndroidManifest.xml:16:81-115
52        android:label="@string/app_name"
52-->src\main\AndroidManifest.xml:16:48-80
53        android:roundIcon="@mipmap/ic_launcher_round"
53-->src\main\AndroidManifest.xml:16:116-161
54        android:theme="@style/AppTheme"
54-->src\main\AndroidManifest.xml:16:189-220
55        android:usesCleartextTraffic="true" >
55-->src\main\AndroidManifest.xml:16:221-256
56        <meta-data
56-->src\main\AndroidManifest.xml:17:5-82
57            android:name="expo.modules.updates.ENABLED"
57-->src\main\AndroidManifest.xml:17:16-59
58            android:value="true" />
58-->src\main\AndroidManifest.xml:17:60-80
59        <meta-data
59-->src\main\AndroidManifest.xml:18:5-93
60            android:name="expo.modules.updates.EXPO_SDK_VERSION"
60-->src\main\AndroidManifest.xml:18:16-68
61            android:value="47.0.0" />
61-->src\main\AndroidManifest.xml:18:69-91
62        <meta-data
62-->src\main\AndroidManifest.xml:19:5-105
63            android:name="expo.modules.updates.EXPO_UPDATES_CHECK_ON_LAUNCH"
63-->src\main\AndroidManifest.xml:19:16-80
64            android:value="ALWAYS" />
64-->src\main\AndroidManifest.xml:19:81-103
65        <meta-data
65-->src\main\AndroidManifest.xml:20:5-99
66            android:name="expo.modules.updates.EXPO_UPDATES_LAUNCH_WAIT_MS"
66-->src\main\AndroidManifest.xml:20:16-79
67            android:value="0" />
67-->src\main\AndroidManifest.xml:20:80-97
68        <meta-data
68-->src\main\AndroidManifest.xml:21:5-135
69            android:name="expo.modules.updates.EXPO_UPDATE_URL"
69-->src\main\AndroidManifest.xml:21:16-67
70            android:value="https://exp.host/@gabruw/react-native-boilerplate" />
70-->src\main\AndroidManifest.xml:21:68-133
71
72        <activity
72-->src\main\AndroidManifest.xml:22:5-34:16
73            android:name="com.gabruw.reactnativeboilerplate.MainActivity"
73-->src\main\AndroidManifest.xml:22:15-43
74            android:configChanges="keyboard|keyboardHidden|orientation|screenSize|uiMode"
74-->src\main\AndroidManifest.xml:22:77-154
75            android:exported="true"
75-->src\main\AndroidManifest.xml:22:276-299
76            android:label="@string/app_name"
76-->src\main\AndroidManifest.xml:22:44-76
77            android:launchMode="singleTask"
77-->src\main\AndroidManifest.xml:22:155-186
78            android:theme="@style/Theme.App.SplashScreen"
78-->src\main\AndroidManifest.xml:22:230-275
79            android:windowSoftInputMode="adjustResize" >
79-->src\main\AndroidManifest.xml:22:187-229
80            <intent-filter>
80-->src\main\AndroidManifest.xml:23:7-26:23
81                <action android:name="android.intent.action.MAIN" />
81-->src\main\AndroidManifest.xml:24:9-60
81-->src\main\AndroidManifest.xml:24:17-58
82
83                <category android:name="android.intent.category.LAUNCHER" />
83-->src\main\AndroidManifest.xml:25:9-68
83-->src\main\AndroidManifest.xml:25:19-66
84            </intent-filter>
85            <intent-filter>
85-->src\main\AndroidManifest.xml:27:7-33:23
86                <action android:name="android.intent.action.VIEW" />
86-->src\main\AndroidManifest.xml:11:7-58
86-->src\main\AndroidManifest.xml:11:15-56
87
88                <category android:name="android.intent.category.DEFAULT" />
88-->src\main\AndroidManifest.xml:29:9-67
88-->src\main\AndroidManifest.xml:29:19-65
89                <category android:name="android.intent.category.BROWSABLE" />
89-->src\main\AndroidManifest.xml:12:7-67
89-->src\main\AndroidManifest.xml:12:17-65
90
91                <data android:scheme="com.gabruw.reactnativeboilerplate" />
91-->src\main\AndroidManifest.xml:13:7-37
91-->src\main\AndroidManifest.xml:13:13-35
92                <data android:scheme="exp+react-native-boilerplate" />
92-->src\main\AndroidManifest.xml:13:7-37
92-->src\main\AndroidManifest.xml:13:13-35
93            </intent-filter>
94        </activity>
95        <activity
95-->src\main\AndroidManifest.xml:35:5-106
96            android:name="com.facebook.react.devsupport.DevSettingsActivity"
96-->src\main\AndroidManifest.xml:35:15-79
97            android:exported="false" />
97-->src\main\AndroidManifest.xml:35:80-104
98
99        <meta-data
99-->[:expo-dev-launcher] AndroidManifest.xml:14:9-16:37
100            android:name="expo.modules.updates.AUTO_SETUP"
100-->[:expo-dev-launcher] AndroidManifest.xml:15:13-59
101            android:value="false" />
101-->[:expo-dev-launcher] AndroidManifest.xml:16:13-34
102
103        <activity
103-->[:expo-dev-launcher] AndroidManifest.xml:18:9-31:20
104            android:name="expo.modules.devlauncher.launcher.DevLauncherActivity"
104-->[:expo-dev-launcher] AndroidManifest.xml:19:13-81
105            android:exported="true"
105-->[:expo-dev-launcher] AndroidManifest.xml:20:13-36
106            android:launchMode="singleTask"
106-->[:expo-dev-launcher] AndroidManifest.xml:21:13-44
107            android:theme="@style/Theme.DevLauncher.LauncherActivity" >
107-->[:expo-dev-launcher] AndroidManifest.xml:22:13-70
108            <intent-filter>
108-->[:expo-dev-launcher] AndroidManifest.xml:23:13-30:29
109                <action android:name="android.intent.action.VIEW" />
109-->src\main\AndroidManifest.xml:11:7-58
109-->src\main\AndroidManifest.xml:11:15-56
110
111                <category android:name="android.intent.category.DEFAULT" />
111-->src\main\AndroidManifest.xml:29:9-67
111-->src\main\AndroidManifest.xml:29:19-65
112                <category android:name="android.intent.category.BROWSABLE" />
112-->src\main\AndroidManifest.xml:12:7-67
112-->src\main\AndroidManifest.xml:12:17-65
113
114                <data android:scheme="expo-dev-launcher" />
114-->src\main\AndroidManifest.xml:13:7-37
114-->src\main\AndroidManifest.xml:13:13-35
115            </intent-filter>
116        </activity>
117        <activity
117-->[:expo-dev-launcher] AndroidManifest.xml:32:9-35:70
118            android:name="expo.modules.devlauncher.launcher.errors.DevLauncherErrorActivity"
118-->[:expo-dev-launcher] AndroidManifest.xml:33:13-93
119            android:screenOrientation="portrait"
119-->[:expo-dev-launcher] AndroidManifest.xml:34:13-49
120            android:theme="@style/Theme.DevLauncher.ErrorActivity" />
120-->[:expo-dev-launcher] AndroidManifest.xml:35:13-67
121        <activity
121-->[:expo-dev-menu] AndroidManifest.xml:10:9-23:20
122            android:name="expo.modules.devmenu.DevMenuActivity"
122-->[:expo-dev-menu] AndroidManifest.xml:11:13-64
123            android:exported="true"
123-->[:expo-dev-menu] AndroidManifest.xml:12:13-36
124            android:launchMode="singleTask"
124-->[:expo-dev-menu] AndroidManifest.xml:13:13-44
125            android:theme="@style/Theme.AppCompat.Transparent.NoActionBar" >
125-->[:expo-dev-menu] AndroidManifest.xml:14:13-75
126            <intent-filter>
126-->[:expo-dev-menu] AndroidManifest.xml:15:13-22:29
127                <action android:name="android.intent.action.VIEW" />
127-->src\main\AndroidManifest.xml:11:7-58
127-->src\main\AndroidManifest.xml:11:15-56
128
129                <category android:name="android.intent.category.DEFAULT" />
129-->src\main\AndroidManifest.xml:29:9-67
129-->src\main\AndroidManifest.xml:29:19-65
130                <category android:name="android.intent.category.BROWSABLE" />
130-->src\main\AndroidManifest.xml:12:7-67
130-->src\main\AndroidManifest.xml:12:17-65
131
132                <data android:scheme="expo-dev-menu" />
132-->src\main\AndroidManifest.xml:13:7-37
132-->src\main\AndroidManifest.xml:13:13-35
133            </intent-filter>
134        </activity>
135
136        <provider
136-->[:expo-file-system] AndroidManifest.xml:23:9-32:20
137            android:name="expo.modules.filesystem.FileSystemFileProvider"
137-->[:expo-file-system] AndroidManifest.xml:24:13-74
138            android:authorities="com.gabruw.reactnativeboilerplate.FileSystemFileProvider"
138-->[:expo-file-system] AndroidManifest.xml:25:13-74
139            android:exported="false"
139-->[:expo-file-system] AndroidManifest.xml:26:13-37
140            android:grantUriPermissions="true" >
140-->[:expo-file-system] AndroidManifest.xml:27:13-47
141            <meta-data
141-->[:expo-file-system] AndroidManifest.xml:29:13-31:70
142                android:name="android.support.FILE_PROVIDER_PATHS"
142-->[:expo-file-system] AndroidManifest.xml:30:17-67
143                android:resource="@xml/file_system_provider_paths" />
143-->[:expo-file-system] AndroidManifest.xml:31:17-67
144        </provider>
145
146        <meta-data
146-->[:expo-modules-core] AndroidManifest.xml:10:9-12:89
147            android:name="org.unimodules.core.AppLoader#react-native-headless"
147-->[:expo-modules-core] AndroidManifest.xml:11:13-79
148            android:value="expo.modules.adapters.react.apploader.RNHeadlessAppLoader" />
148-->[:expo-modules-core] AndroidManifest.xml:12:13-86
149
150        <provider
150-->[androidx.emoji2:emoji2:1.0.0] AndroidManifest.xml:26:9-34:20
151            android:name="androidx.startup.InitializationProvider"
151-->[androidx.emoji2:emoji2:1.0.0] AndroidManifest.xml:27:13-67
152            android:authorities="com.gabruw.reactnativeboilerplate.androidx-startup"
152-->[androidx.emoji2:emoji2:1.0.0] AndroidManifest.xml:28:13-68
153            android:exported="false" >
153-->[androidx.emoji2:emoji2:1.0.0] AndroidManifest.xml:29:13-37
154            <meta-data
154-->[androidx.emoji2:emoji2:1.0.0] AndroidManifest.xml:31:13-33:52
155                android:name="androidx.emoji2.text.EmojiCompatInitializer"
155-->[androidx.emoji2:emoji2:1.0.0] AndroidManifest.xml:32:17-75
156                android:value="androidx.startup" />
156-->[androidx.emoji2:emoji2:1.0.0] AndroidManifest.xml:33:17-49
157            <meta-data
157-->[androidx.lifecycle:lifecycle-process:2.4.0] AndroidManifest.xml:31:13-33:52
158                android:name="androidx.lifecycle.ProcessLifecycleInitializer"
158-->[androidx.lifecycle:lifecycle-process:2.4.0] AndroidManifest.xml:32:17-78
159                android:value="androidx.startup" />
159-->[androidx.lifecycle:lifecycle-process:2.4.0] AndroidManifest.xml:33:17-49
160        </provider>
161    </application>
162
163</manifest>